#
# There is insufficient memory for the Java Runtime Environment to continue.
# Native memory allocation (malloc) failed to allocate 2228176 bytes. Error detail: Chunk::new
# Possible reasons:
#   The system is out of physical RAM or swap space
#   This process is running with CompressedOops enabled, and the Java Heap may be blocking the growth of the native heap
# Possible solutions:
#   Reduce memory load on the system
#   Increase physical memory or swap space
#   Check if swap backing store is full
#   Decrease Java heap size (-Xmx/-Xms)
#   Decrease number of Java threads
#   Decrease Java thread stack sizes (-Xss)
#   Set larger code cache with -XX:ReservedCodeCacheSize=
#   JVM is running with Unscaled Compressed Oops mode in which the Java heap is
#     placed in the first 4GB address space. The Java Heap base address is the
#     maximum limit for the native heap growth. Please use -XX:HeapBaseMinAddress
#     to set the Java Heap base and to place the Java Heap above 4GB virtual address.
# This output file may be truncated or incomplete.
#
#  Out of Memory Error (arena.cpp:191), pid=34332, tid=15476
#
# JRE version: OpenJDK Runtime Environment Temurin-17.0.13+11 (17.0.13+11) (build 17.0.13+11)
# Java VM: OpenJDK 64-Bit Server VM Temurin-17.0.13+11 (17.0.13+11, mixed mode, tiered, compressed oops, compressed class ptrs, parallel gc, windows-amd64)
# No core dump will be written. Minidumps are not enabled by default on client versions of Windows
#

---------------  S U M M A R Y ------------

Command Line: --add-modules=ALL-SYSTEM --add-opens=java.base/java.util=ALL-UNNAMED --add-opens=java.base/java.lang=ALL-UNNAMED --add-opens=java.base/sun.nio.fs=ALL-UNNAMED -Declipse.application=org.eclipse.jdt.ls.core.id1 -Dosgi.bundles.defaultStartLevel=4 -Declipse.product=org.eclipse.jdt.ls.core.product -Djava.import.generatesMetadataFilesAtProjectRoot=false -DDetectVMInstallationsJob.disabled=true -Dfile.encoding=utf8 -XX:+UseParallelGC -XX:GCTimeRatio=4 -XX:AdaptiveSizePolicyWeight=90 -Dsun.zip.disableMemoryMapping=true -Xmx1G -Xms100m -Xlog:disable -javaagent:c:\Users\punee\.vscode\extensions\redhat.java-1.38.0-win32-x64\lombok\lombok-1.18.34.jar -XX:+HeapDumpOnOutOfMemoryError -XX:HeapDumpPath=c:\Users\punee\AppData\Roaming\Code\User\workspaceStorage\fe16543f5e36ca71b06d85885acf88c2\redhat.java -Daether.dependencyCollector.impl=bf c:\Users\punee\.vscode\extensions\redhat.java-1.38.0-win32-x64\server\plugins\org.eclipse.equinox.launcher_1.6.900.v20240613-2009.jar -configuration c:\Users\punee\AppData\Roaming\Code\User\globalStorage\redhat.java\1.38.0\config_win -data c:\Users\punee\AppData\Roaming\Code\User\workspaceStorage\fe16543f5e36ca71b06d85885acf88c2\redhat.java\jdt_ws --pipe=\\.\pipe\lsp-59bd138b09bee7fb966ba28ddbbecd9a-sock

Host: 11th Gen Intel(R) Core(TM) i5-11300H @ 3.10GHz, 8 cores, 7G,  Windows 11 , 64 bit Build 26100 (10.0.26100.2454)
Time: Thu Jan 16 15:26:36 2025 India Standard Time elapsed time: 27.396271 seconds (0d 0h 0m 27s)

---------------  T H R E A D  ---------------

Current thread (0x0000016dfc922010):  JavaThread "C2 CompilerThread0" daemon [_thread_in_native, id=15476, stack(0x00000008abe00000,0x00000008abf00000)]


Current CompileTask:
C2:  27396 9871       4       org.eclipse.jdt.internal.compiler.lookup.BinaryTypeBinding::createMethod (1724 bytes)

Stack: [0x00000008abe00000,0x00000008abf00000]
Native frames: (J=compiled Java code, j=interpreted, Vv=VM code, C=native code)
V  [jvm.dll+0x682a19]
V  [jvm.dll+0x839538]
V  [jvm.dll+0x83afe3]
V  [jvm.dll+0x83b653]
V  [jvm.dll+0x24704f]
V  [jvm.dll+0xace34]
V  [jvm.dll+0xad4cc]
V  [jvm.dll+0x36592f]
V  [jvm.dll+0x32fbd8]
V  [jvm.dll+0x32f05a]
V  [jvm.dll+0x21804f]
V  [jvm.dll+0x21748f]
V  [jvm.dll+0x1a3070]
V  [jvm.dll+0x22788c]
V  [jvm.dll+0x2259eb]
V  [jvm.dll+0x7eec98]
V  [jvm.dll+0x7e8ffc]
V  [jvm.dll+0x6818f7]
C  [ucrtbase.dll+0x14ea0]
C  [KERNEL32.DLL+0x2e8d7]
C  [ntdll.dll+0xdfbcc]


---------------  P R O C E S S  ---------------

Threads class SMR info:
_java_thread_list=0x0000016dff1b5f80, length=61, elements={
0x0000016de317b2f0, 0x0000016df77a5030, 0x0000016df77a5900, 0x0000016df77acf00,
0x0000016df77ad7d0, 0x0000016df77ae840, 0x0000016dfc8efbb0, 0x0000016dfc922010,
0x0000016dfc92c9c0, 0x0000016dfc92f2e0, 0x0000016dfca02670, 0x0000016dfda6b830,
0x0000016dfdd415d0, 0x0000016dfe4534a0, 0x0000016dfe6281b0, 0x0000016dfe4a84b0,
0x0000016dfe779c70, 0x0000016dfe8524b0, 0x0000016dfe854310, 0x0000016dfe851a90,
0x0000016dfe852ed0, 0x0000016dfe851070, 0x0000016dfea92910, 0x0000016dfe851580,
0x0000016dfe8533e0, 0x0000016dfe851fa0, 0x0000016dfe8538f0, 0x0000016dfe853e00,
0x0000016dfeddd830, 0x0000016dfeddc3f0, 0x0000016dfeddb9d0, 0x0000016dfedde760,
0x0000016dfedde250, 0x0000016dfeddce10, 0x0000016dfedddd40, 0x0000016dfeddec70,
0x0000016dfeddb4c0, 0x0000016dfeddf180, 0x0000016dfeddf690, 0x0000016dfeddbee0,
0x0000016dfeddfba0, 0x0000016dfede00b0, 0x0000016dfede05c0, 0x0000016dfede0ad0,
0x0000016dfeddd320, 0x0000016dfede0fe0, 0x0000016dfede14f0, 0x0000016dfede2420,
0x0000016dfede1a00, 0x0000016dfede2930, 0x0000016dfe8529c0, 0x0000016dfe854820,
0x0000016d81a6da80, 0x0000016d81a6d570, 0x0000016d81a6f3d0, 0x0000016d81a70300,
0x0000016d81a6df90, 0x0000016d81a6f8e0, 0x0000016d81a70810, 0x0000016d81a6e4a0,
0x0000016d81a6fdf0
}

Java Threads: ( => current thread )
  0x0000016de317b2f0 JavaThread "main" [_thread_blocked, id=26156, stack(0x00000008ab500000,0x00000008ab600000)]
  0x0000016df77a5030 JavaThread "Reference Handler" daemon [_thread_blocked, id=20952, stack(0x00000008ab800000,0x00000008ab900000)]
  0x0000016df77a5900 JavaThread "Finalizer" daemon [_thread_blocked, id=10080, stack(0x00000008ab900000,0x00000008aba00000)]
  0x0000016df77acf00 JavaThread "Signal Dispatcher" daemon [_thread_blocked, id=30440, stack(0x00000008aba00000,0x00000008abb00000)]
  0x0000016df77ad7d0 JavaThread "Attach Listener" daemon [_thread_blocked, id=1808, stack(0x00000008abb00000,0x00000008abc00000)]
  0x0000016df77ae840 JavaThread "Service Thread" daemon [_thread_blocked, id=34788, stack(0x00000008abc00000,0x00000008abd00000)]
  0x0000016dfc8efbb0 JavaThread "Monitor Deflation Thread" daemon [_thread_blocked, id=31368, stack(0x00000008abd00000,0x00000008abe00000)]
=>0x0000016dfc922010 JavaThread "C2 CompilerThread0" daemon [_thread_in_native, id=15476, stack(0x00000008abe00000,0x00000008abf00000)]
  0x0000016dfc92c9c0 JavaThread "C1 CompilerThread0" daemon [_thread_blocked, id=29980, stack(0x00000008abf00000,0x00000008ac000000)]
  0x0000016dfc92f2e0 JavaThread "Sweeper thread" daemon [_thread_blocked, id=34692, stack(0x00000008ac000000,0x00000008ac100000)]
  0x0000016dfca02670 JavaThread "Common-Cleaner" daemon [_thread_blocked, id=29408, stack(0x00000008ac100000,0x00000008ac200000)]
  0x0000016dfda6b830 JavaThread "Notification Thread" daemon [_thread_blocked, id=19252, stack(0x00000008ac300000,0x00000008ac400000)]
  0x0000016dfdd415d0 JavaThread "Active Thread: Equinox Container: ff22e755-1a9d-4e61-9e0b-3d672fe7fae5" [_thread_blocked, id=17976, stack(0x00000008acb00000,0x00000008acc00000)]
  0x0000016dfe4534a0 JavaThread "Refresh Thread: Equinox Container: ff22e755-1a9d-4e61-9e0b-3d672fe7fae5" daemon [_thread_blocked, id=1548, stack(0x00000008acc00000,0x00000008acd00000)]
  0x0000016dfe6281b0 JavaThread "Framework Event Dispatcher: Equinox Container: ff22e755-1a9d-4e61-9e0b-3d672fe7fae5" daemon [_thread_blocked, id=14016, stack(0x00000008acd00000,0x00000008ace00000)]
  0x0000016dfe4a84b0 JavaThread "Start Level: Equinox Container: ff22e755-1a9d-4e61-9e0b-3d672fe7fae5" daemon [_thread_blocked, id=34228, stack(0x00000008ace00000,0x00000008acf00000)]
  0x0000016dfe779c70 JavaThread "Bundle File Closer" daemon [_thread_blocked, id=30192, stack(0x00000008ad100000,0x00000008ad200000)]
  0x0000016dfe8524b0 JavaThread "SCR Component Actor" daemon [_thread_blocked, id=34696, stack(0x00000008ad000000,0x00000008ad100000)]
  0x0000016dfe854310 JavaThread "Worker-JM" [_thread_blocked, id=26912, stack(0x00000008ad300000,0x00000008ad400000)]
  0x0000016dfe851a90 JavaThread "JNA Cleaner" daemon [_thread_blocked, id=4808, stack(0x00000008aca00000,0x00000008acb00000)]
  0x0000016dfe852ed0 JavaThread "Worker-0" [_thread_blocked, id=21044, stack(0x00000008ad400000,0x00000008ad500000)]
  0x0000016dfe851070 JavaThread "Worker-1: Check JDK Index" [_thread_blocked, id=18928, stack(0x00000008ad500000,0x00000008ad600000)]
  0x0000016dfea92910 JavaThread "C2 CompilerThread1" daemon [_thread_in_native, id=7252, stack(0x00000008ad600000,0x00000008ad700000)]
  0x0000016dfe851580 JavaThread "Java indexing" daemon [_thread_in_Java, id=19752, stack(0x00000008ad700000,0x00000008ad800000)]
  0x0000016dfe8533e0 JavaThread "Worker-2" [_thread_blocked, id=14132, stack(0x00000008ad800000,0x00000008ad900000)]
  0x0000016dfe851fa0 JavaThread "Thread-2" daemon [_thread_in_native, id=16036, stack(0x00000008adb00000,0x00000008adc00000)]
  0x0000016dfe8538f0 JavaThread "Thread-3" daemon [_thread_in_native, id=29744, stack(0x00000008adc00000,0x00000008add00000)]
  0x0000016dfe853e00 JavaThread "Thread-4" daemon [_thread_in_native, id=15600, stack(0x00000008add00000,0x00000008ade00000)]
  0x0000016dfeddd830 JavaThread "Thread-5" daemon [_thread_in_native, id=16424, stack(0x00000008ade00000,0x00000008adf00000)]
  0x0000016dfeddc3f0 JavaThread "Thread-6" daemon [_thread_in_native, id=32836, stack(0x00000008adf00000,0x00000008ae000000)]
  0x0000016dfeddb9d0 JavaThread "Thread-7" daemon [_thread_in_native, id=26280, stack(0x00000008ae000000,0x00000008ae100000)]
  0x0000016dfedde760 JavaThread "Thread-8" daemon [_thread_in_native, id=34232, stack(0x00000008ae100000,0x00000008ae200000)]
  0x0000016dfedde250 JavaThread "Thread-9" daemon [_thread_in_native, id=18864, stack(0x00000008ae200000,0x00000008ae300000)]
  0x0000016dfeddce10 JavaThread "Thread-10" daemon [_thread_in_native, id=28808, stack(0x00000008ae300000,0x00000008ae400000)]
  0x0000016dfedddd40 JavaThread "pool-2-thread-1" [_thread_blocked, id=4968, stack(0x00000008ae400000,0x00000008ae500000)]
  0x0000016dfeddec70 JavaThread "Worker-3: Java indexing... " [_thread_blocked, id=180, stack(0x00000008ae500000,0x00000008ae600000)]
  0x0000016dfeddb4c0 JavaThread "Worker-4" [_thread_blocked, id=15816, stack(0x00000008ae600000,0x00000008ae700000)]
  0x0000016dfeddf180 JavaThread "WorkspaceEventsHandler" [_thread_blocked, id=22596, stack(0x00000008ae700000,0x00000008ae800000)]
  0x0000016dfeddf690 JavaThread "pool-1-thread-1" [_thread_in_native, id=16220, stack(0x00000008ae800000,0x00000008ae900000)]
  0x0000016dfeddbee0 JavaThread "Worker-5" [_thread_blocked, id=3752, stack(0x00000008ae900000,0x00000008aea00000)]
  0x0000016dfeddfba0 JavaThread "Worker-6: Building" [_thread_blocked, id=13940, stack(0x00000008aea00000,0x00000008aeb00000)]
  0x0000016dfede00b0 JavaThread "Compiler Source File Reader" daemon [_thread_in_native, id=30904, stack(0x00000008ad200000,0x00000008ad300000)]
  0x0000016dfede05c0 JavaThread "Compiler Source File Reader" daemon [_thread_blocked, id=12884, stack(0x00000008aeb00000,0x00000008aec00000)]
  0x0000016dfede0ad0 JavaThread "Compiler Source File Reader" daemon [_thread_blocked, id=25484, stack(0x00000008aec00000,0x00000008aed00000)]
  0x0000016dfeddd320 JavaThread "Compiler Source File Reader" daemon [_thread_blocked, id=10300, stack(0x00000008aed00000,0x00000008aee00000)]
  0x0000016dfede0fe0 JavaThread "Compiler Source File Reader" daemon [_thread_blocked, id=26204, stack(0x00000008aee00000,0x00000008aef00000)]
  0x0000016dfede14f0 JavaThread "Compiler Processing Task" daemon [_thread_blocked, id=23896, stack(0x00000008aef00000,0x00000008af000000)]
  0x0000016dfede2420 JavaThread "Compiler Class File Writer" daemon [_thread_blocked, id=27324, stack(0x00000008af000000,0x00000008af100000)]
  0x0000016dfede1a00 JavaThread "Compiler Class File Writer" daemon [_thread_blocked, id=29076, stack(0x00000008af100000,0x00000008af200000)]
  0x0000016dfede2930 JavaThread "Compiler Class File Writer" daemon [_thread_blocked, id=3580, stack(0x00000008af200000,0x00000008af300000)]
  0x0000016dfe8529c0 JavaThread "Compiler Class File Writer" daemon [_thread_blocked, id=8100, stack(0x00000008af300000,0x00000008af400000)]
  0x0000016dfe854820 JavaThread "Compiler Class File Writer" daemon [_thread_blocked, id=1168, stack(0x00000008af400000,0x00000008af500000)]
  0x0000016d81a6da80 JavaThread "Compiler Source File Reader" daemon [_thread_blocked, id=22028, stack(0x00000008af500000,0x00000008af600000)]
  0x0000016d81a6d570 JavaThread "Compiler Class File Writer" daemon [_thread_blocked, id=15036, stack(0x00000008af600000,0x00000008af700000)]
  0x0000016d81a6f3d0 JavaThread "ForkJoinPool.commonPool-worker-1" daemon [_thread_blocked, id=13740, stack(0x00000008af700000,0x00000008af800000)]
  0x0000016d81a70300 JavaThread "ForkJoinPool.commonPool-worker-2" daemon [_thread_blocked, id=24744, stack(0x00000008af800000,0x00000008af900000)]
  0x0000016d81a6df90 JavaThread "ForkJoinPool.commonPool-worker-3" daemon [_thread_blocked, id=25248, stack(0x00000008af900000,0x00000008afa00000)]
  0x0000016d81a6f8e0 JavaThread "ForkJoinPool.commonPool-worker-4" daemon [_thread_blocked, id=31936, stack(0x00000008afa00000,0x00000008afb00000)]
  0x0000016d81a70810 JavaThread "ForkJoinPool.commonPool-worker-5" daemon [_thread_blocked, id=27624, stack(0x00000008afb00000,0x00000008afc00000)]
  0x0000016d81a6e4a0 JavaThread "ForkJoinPool.commonPool-worker-6" daemon [_thread_blocked, id=22700, stack(0x00000008afc00000,0x00000008afd00000)]
  0x0000016d81a6fdf0 JavaThread "ForkJoinPool.commonPool-worker-7" daemon [_thread_blocked, id=27696, stack(0x00000008afd00000,0x00000008afe00000)]

Other Threads:
  0x0000016de3227950 VMThread "VM Thread" [stack: 0x00000008ab700000,0x00000008ab800000] [id=5460]
  0x0000016dfda6a480 WatcherThread [stack: 0x00000008ac400000,0x00000008ac500000] [id=32332]
  0x0000016de3190470 GCTaskThread "GC Thread#0" [stack: 0x00000008ab600000,0x00000008ab700000] [id=33908]
  0x0000016dfdb09950 GCTaskThread "GC Thread#1" [stack: 0x00000008ac200000,0x00000008ac300000] [id=14076]
  0x0000016dfdb09c10 GCTaskThread "GC Thread#2" [stack: 0x00000008ac500000,0x00000008ac600000] [id=22872]
  0x0000016dfdbfdc10 GCTaskThread "GC Thread#3" [stack: 0x00000008ac600000,0x00000008ac700000] [id=15892]
  0x0000016dfe074020 GCTaskThread "GC Thread#4" [stack: 0x00000008ac700000,0x00000008ac800000] [id=12964]
  0x0000016dfe0742e0 GCTaskThread "GC Thread#5" [stack: 0x00000008ac800000,0x00000008ac900000] [id=28996]
  0x0000016dfe0745a0 GCTaskThread "GC Thread#6" [stack: 0x00000008ac900000,0x00000008aca00000] [id=26772]
  0x0000016dfe0b5e60 GCTaskThread "GC Thread#7" [stack: 0x00000008acf00000,0x00000008ad000000] [id=32112]

Threads with active compile tasks:
C2 CompilerThread0    27430 9871       4       org.eclipse.jdt.internal.compiler.lookup.BinaryTypeBinding::createMethod (1724 bytes)
C2 CompilerThread1    27430 10115       4       org.eclipse.jdt.internal.compiler.lookup.BinaryTypeBinding::createAnnotations (59 bytes)

VM state: not at safepoint (normal execution)

VM Mutex/Monitor currently owned by a thread: None

Heap address: 0x00000000c0000000, size: 1024 MB, Compressed Oops mode: 32-bit

CDS archive(s) not mapped
Compressed class space mapped at: 0x0000000100000000-0x0000000140000000, reserved size: 1073741824
Narrow klass base: 0x0000000000000000, Narrow klass shift: 3, Narrow klass range: 0x140000000

GC Precious Log:
 CPUs: 8 total, 8 available
 Memory: 7975M
 Large Page Support: Disabled
 NUMA Support: Disabled
 Compressed Oops: Enabled (32-bit)
 Alignments: Space 512K, Generation 512K, Heap 2M
 Heap Min Capacity: 100M
 Heap Initial Capacity: 100M
 Heap Max Capacity: 1G
 Pre-touch: Disabled
 Parallel Workers: 8

Heap:
 PSYoungGen      total 57856K, used 29610K [0x00000000eab00000, 0x00000000f0200000, 0x0000000100000000)
  eden space 35840K, 22% used [0x00000000eab00000,0x00000000eb2d7238,0x00000000ece00000)
  from space 22016K, 98% used [0x00000000eec80000,0x00000000f01935e0,0x00000000f0200000)
  to   space 23040K, 0% used [0x00000000ed500000,0x00000000ed500000,0x00000000eeb80000)
 ParOldGen       total 286720K, used 225357K [0x00000000c0000000, 0x00000000d1800000, 0x00000000eab00000)
  object space 286720K, 78% used [0x00000000c0000000,0x00000000cdc13490,0x00000000d1800000)
 Metaspace       used 73628K, committed 75008K, reserved 1179648K
  class space    used 7897K, committed 8512K, reserved 1048576K

Card table byte_map: [0x0000016df5020000,0x0000016df5230000] _byte_map_base: 0x0000016df4a20000

Marking Bits: (ParMarkBitMap*) 0x00007ffda1656940
 Begin Bits: [0x0000016df5390000, 0x0000016df6390000)
 End Bits:   [0x0000016df6390000, 0x0000016df7390000)

Polling page: 0x0000016de1b00000

Metaspace:

Usage:
  Non-class:     64.19 MB used.
      Class:      7.71 MB used.
       Both:     71.90 MB used.

Virtual space:
  Non-class space:      128.00 MB reserved,      64.94 MB ( 51%) committed,  2 nodes.
      Class space:        1.00 GB reserved,       8.31 MB ( <1%) committed,  1 nodes.
             Both:        1.12 GB reserved,      73.25 MB (  6%) committed. 

Chunk freelists:
   Non-Class:  15.08 MB
       Class:  7.69 MB
        Both:  22.77 MB

MaxMetaspaceSize: unlimited
CompressedClassSpaceSize: 1.00 GB
Initial GC threshold: 21.00 MB
Current GC threshold: 120.25 MB
CDS: off
MetaspaceReclaimPolicy: balanced
 - commit_granule_bytes: 65536.
 - commit_granule_words: 8192.
 - virtual_space_node_default_size: 8388608.
 - enlarge_chunks_in_place: 1.
 - new_chunks_are_fully_committed: 0.
 - uncommit_free_chunks: 1.
 - use_allocation_guard: 0.
 - handle_deallocations: 1.


Internal statistics:

num_allocs_failed_limit: 9.
num_arena_births: 946.
num_arena_deaths: 22.
num_vsnodes_births: 3.
num_vsnodes_deaths: 0.
num_space_committed: 1172.
num_space_uncommitted: 0.
num_chunks_returned_to_freelist: 34.
num_chunks_taken_from_freelist: 4145.
num_chunk_merges: 16.
num_chunk_splits: 2506.
num_chunks_enlarged: 1356.
num_inconsistent_stats: 0.

CodeHeap 'non-profiled nmethods': size=120000Kb used=4423Kb max_used=4423Kb free=115576Kb
 bounds [0x0000016ded910000, 0x0000016dedd70000, 0x0000016df4e40000]
CodeHeap 'profiled nmethods': size=120000Kb used=16816Kb max_used=16816Kb free=103183Kb
 bounds [0x0000016de5e40000, 0x0000016de6eb0000, 0x0000016ded370000]
CodeHeap 'non-nmethods': size=5760Kb used=1402Kb max_used=1468Kb free=4358Kb
 bounds [0x0000016ded370000, 0x0000016ded5e0000, 0x0000016ded910000]
 total_blobs=9158 nmethods=8416 adapters=655
 compilation: enabled
              stopped_count=0, restarted_count=0
 full_count=0

Compilation events (20 events):
Event: 26.306 Thread 0x0000016dfc92c9c0 10154       2       java.nio.DirectByteBuffer$Deallocator::run (38 bytes)
Event: 26.306 Thread 0x0000016dfc92c9c0 nmethod 10154 0x0000016de6ea1390 code [0x0000016de6ea1540, 0x0000016de6ea1768]
Event: 26.306 Thread 0x0000016dfc92c9c0 10155       2       java.nio.Bits::unreserveMemory (64 bytes)
Event: 26.307 Thread 0x0000016dfc92c9c0 nmethod 10155 0x0000016de6ea1890 code [0x0000016de6ea1a40, 0x0000016de6ea1ba8]
Event: 26.307 Thread 0x0000016dfc92c9c0 10156       2       java.util.concurrent.atomic.AtomicLong::decrementAndGet (16 bytes)
Event: 26.307 Thread 0x0000016dfc92c9c0 nmethod 10156 0x0000016de6ea1d10 code [0x0000016de6ea1ea0, 0x0000016de6ea1fb8]
Event: 26.319 Thread 0x0000016dfc92c9c0 10157       1       org.xml.sax.InputSource::getSystemId (5 bytes)
Event: 26.319 Thread 0x0000016dfc92c9c0 nmethod 10157 0x0000016dedd5d890 code [0x0000016dedd5da20, 0x0000016dedd5daf8]
Event: 26.320 Thread 0x0000016dfc92c9c0 10158       2       org.eclipse.core.internal.content.LazyInputStream::checkOffsetIncrease (39 bytes)
Event: 26.321 Thread 0x0000016dfc92c9c0 nmethod 10158 0x0000016de6ea2090 code [0x0000016de6ea2260, 0x0000016de6ea2508]
Event: 26.323 Thread 0x0000016dfc92c9c0 10159   !   2       jdk.internal.loader.AbstractClassLoaderValue::get (21 bytes)
Event: 26.323 Thread 0x0000016dfc92c9c0 nmethod 10159 0x0000016de6ea2690 code [0x0000016de6ea2860, 0x0000016de6ea2ae8]
Event: 26.324 Thread 0x0000016dfc92c9c0 10160       2       com.sun.org.apache.xerces.internal.util.XMLResourceIdentifierImpl::setValues (11 bytes)
Event: 26.324 Thread 0x0000016dfc92c9c0 nmethod 10160 0x0000016de6ea2d10 code [0x0000016de6ea2ea0, 0x0000016de6ea3018]
Event: 26.328 Thread 0x0000016dfc92c9c0 10161       2       org.eclipse.core.internal.preferences.EclipsePreferences::nodeExists (128 bytes)
Event: 26.332 Thread 0x0000016dfc92c9c0 nmethod 10161 0x0000016de6ea3110 code [0x0000016de6ea3420, 0x0000016de6ea42d8]
Event: 26.340 Thread 0x0000016dfc92c9c0 10162       2       java.lang.invoke.MethodHandle::bindArgumentL (10 bytes)
Event: 26.340 Thread 0x0000016dfc92c9c0 nmethod 10162 0x0000016de6ea4b10 code [0x0000016de6ea4cc0, 0x0000016de6ea4ee8]
Event: 26.341 Thread 0x0000016dfc92c9c0 10163       2       org.eclipse.core.internal.events.ResourceDelta::getFlags (11 bytes)
Event: 26.341 Thread 0x0000016dfc92c9c0 nmethod 10163 0x0000016de6ea5090 code [0x0000016de6ea5220, 0x0000016de6ea5338]

GC Heap History (20 events):
Event: 17.709 GC heap before
{Heap before GC invocations=86 (full 5):
 PSYoungGen      total 46080K, used 45708K [0x00000000eab00000, 0x00000000eec80000, 0x0000000100000000)
  eden space 29184K, 100% used [0x00000000eab00000,0x00000000ec780000,0x00000000ec780000)
  from space 16896K, 97% used [0x00000000edc00000,0x00000000eec23148,0x00000000eec80000)
  to   space 18432K, 0% used [0x00000000ec880000,0x00000000ec880000,0x00000000eda80000)
 ParOldGen       total 203264K, used 166488K [0x00000000c0000000, 0x00000000cc680000, 0x00000000eab00000)
  object space 203264K, 81% used [0x00000000c0000000,0x00000000ca296138,0x00000000cc680000)
 Metaspace       used 72562K, committed 73856K, reserved 1179648K
  class space    used 7792K, committed 8384K, reserved 1048576K
}
Event: 17.726 GC heap after
{Heap after GC invocations=86 (full 5):
 PSYoungGen      total 48640K, used 18419K [0x00000000eab00000, 0x00000000ef700000, 0x0000000100000000)
  eden space 30208K, 0% used [0x00000000eab00000,0x00000000eab00000,0x00000000ec880000)
  from space 18432K, 99% used [0x00000000ec880000,0x00000000eda7cfd0,0x00000000eda80000)
  to   space 23040K, 0% used [0x00000000ee080000,0x00000000ee080000,0x00000000ef700000)
 ParOldGen       total 203264K, used 170008K [0x00000000c0000000, 0x00000000cc680000, 0x00000000eab00000)
  object space 203264K, 83% used [0x00000000c0000000,0x00000000ca606288,0x00000000cc680000)
 Metaspace       used 72562K, committed 73856K, reserved 1179648K
  class space    used 7792K, committed 8384K, reserved 1048576K
}
Event: 18.026 GC heap before
{Heap before GC invocations=87 (full 5):
 PSYoungGen      total 48640K, used 48627K [0x00000000eab00000, 0x00000000ef700000, 0x0000000100000000)
  eden space 30208K, 100% used [0x00000000eab00000,0x00000000ec880000,0x00000000ec880000)
  from space 18432K, 99% used [0x00000000ec880000,0x00000000eda7cfd0,0x00000000eda80000)
  to   space 23040K, 0% used [0x00000000ee080000,0x00000000ee080000,0x00000000ef700000)
 ParOldGen       total 203264K, used 170008K [0x00000000c0000000, 0x00000000cc680000, 0x00000000eab00000)
  object space 203264K, 83% used [0x00000000c0000000,0x00000000ca606288,0x00000000cc680000)
 Metaspace       used 72562K, committed 73856K, reserved 1179648K
  class space    used 7792K, committed 8384K, reserved 1048576K
}
Event: 18.050 GC heap after
{Heap after GC invocations=87 (full 5):
 PSYoungGen      total 53248K, used 20476K [0x00000000eab00000, 0x00000000ef480000, 0x0000000100000000)
  eden space 32768K, 0% used [0x00000000eab00000,0x00000000eab00000,0x00000000ecb00000)
  from space 20480K, 99% used [0x00000000ee080000,0x00000000ef47f308,0x00000000ef480000)
  to   space 20992K, 0% used [0x00000000ecb80000,0x00000000ecb80000,0x00000000ee000000)
 ParOldGen       total 203264K, used 174561K [0x00000000c0000000, 0x00000000cc680000, 0x00000000eab00000)
  object space 203264K, 85% used [0x00000000c0000000,0x00000000caa78610,0x00000000cc680000)
 Metaspace       used 72562K, committed 73856K, reserved 1179648K
  class space    used 7792K, committed 8384K, reserved 1048576K
}
Event: 18.590 GC heap before
{Heap before GC invocations=88 (full 5):
 PSYoungGen      total 53248K, used 53244K [0x00000000eab00000, 0x00000000ef480000, 0x0000000100000000)
  eden space 32768K, 100% used [0x00000000eab00000,0x00000000ecb00000,0x00000000ecb00000)
  from space 20480K, 99% used [0x00000000ee080000,0x00000000ef47f308,0x00000000ef480000)
  to   space 20992K, 0% used [0x00000000ecb80000,0x00000000ecb80000,0x00000000ee000000)
 ParOldGen       total 203264K, used 174561K [0x00000000c0000000, 0x00000000cc680000, 0x00000000eab00000)
  object space 203264K, 85% used [0x00000000c0000000,0x00000000caa78610,0x00000000cc680000)
 Metaspace       used 72563K, committed 73856K, reserved 1179648K
  class space    used 7792K, committed 8384K, reserved 1048576K
}
Event: 18.611 GC heap after
{Heap after GC invocations=88 (full 5):
 PSYoungGen      total 54272K, used 20979K [0x00000000eab00000, 0x00000000f0480000, 0x0000000100000000)
  eden space 33280K, 0% used [0x00000000eab00000,0x00000000eab00000,0x00000000ecb80000)
  from space 20992K, 99% used [0x00000000ecb80000,0x00000000edffcc78,0x00000000ee000000)
  to   space 28160K, 0% used [0x00000000ee900000,0x00000000ee900000,0x00000000f0480000)
 ParOldGen       total 203264K, used 180590K [0x00000000c0000000, 0x00000000cc680000, 0x00000000eab00000)
  object space 203264K, 88% used [0x00000000c0000000,0x00000000cb05b888,0x00000000cc680000)
 Metaspace       used 72563K, committed 73856K, reserved 1179648K
  class space    used 7792K, committed 8384K, reserved 1048576K
}
Event: 18.976 GC heap before
{Heap before GC invocations=89 (full 5):
 PSYoungGen      total 54272K, used 54259K [0x00000000eab00000, 0x00000000f0480000, 0x0000000100000000)
  eden space 33280K, 100% used [0x00000000eab00000,0x00000000ecb80000,0x00000000ecb80000)
  from space 20992K, 99% used [0x00000000ecb80000,0x00000000edffcc78,0x00000000ee000000)
  to   space 28160K, 0% used [0x00000000ee900000,0x00000000ee900000,0x00000000f0480000)
 ParOldGen       total 203264K, used 180590K [0x00000000c0000000, 0x00000000cc680000, 0x00000000eab00000)
  object space 203264K, 88% used [0x00000000c0000000,0x00000000cb05b888,0x00000000cc680000)
 Metaspace       used 72563K, committed 73856K, reserved 1179648K
  class space    used 7792K, committed 8384K, reserved 1048576K
}
Event: 18.999 GC heap after
{Heap after GC invocations=89 (full 5):
 PSYoungGen      total 55808K, used 20127K [0x00000000eab00000, 0x00000000efd00000, 0x0000000100000000)
  eden space 35328K, 0% used [0x00000000eab00000,0x00000000eab00000,0x00000000ecd80000)
  from space 20480K, 98% used [0x00000000ee900000,0x00000000efca7dd8,0x00000000efd00000)
  to   space 23040K, 0% used [0x00000000ed000000,0x00000000ed000000,0x00000000ee680000)
 ParOldGen       total 203264K, used 188919K [0x00000000c0000000, 0x00000000cc680000, 0x00000000eab00000)
  object space 203264K, 92% used [0x00000000c0000000,0x00000000cb87dcb0,0x00000000cc680000)
 Metaspace       used 72563K, committed 73856K, reserved 1179648K
  class space    used 7792K, committed 8384K, reserved 1048576K
}
Event: 19.252 GC heap before
{Heap before GC invocations=90 (full 5):
 PSYoungGen      total 55808K, used 55455K [0x00000000eab00000, 0x00000000efd00000, 0x0000000100000000)
  eden space 35328K, 100% used [0x00000000eab00000,0x00000000ecd80000,0x00000000ecd80000)
  from space 20480K, 98% used [0x00000000ee900000,0x00000000efca7dd8,0x00000000efd00000)
  to   space 23040K, 0% used [0x00000000ed000000,0x00000000ed000000,0x00000000ee680000)
 ParOldGen       total 203264K, used 188919K [0x00000000c0000000, 0x00000000cc680000, 0x00000000eab00000)
  object space 203264K, 92% used [0x00000000c0000000,0x00000000cb87dcb0,0x00000000cc680000)
 Metaspace       used 72563K, committed 73856K, reserved 1179648K
  class space    used 7792K, committed 8384K, reserved 1048576K
}
Event: 19.272 GC heap after
{Heap after GC invocations=90 (full 5):
 PSYoungGen      total 60928K, used 23027K [0x00000000eab00000, 0x00000000f0900000, 0x0000000100000000)
  eden space 37888K, 0% used [0x00000000eab00000,0x00000000eab00000,0x00000000ed000000)
  from space 23040K, 99% used [0x00000000ed000000,0x00000000ee67cd00,0x00000000ee680000)
  to   space 29184K, 0% used [0x00000000eec80000,0x00000000eec80000,0x00000000f0900000)
 ParOldGen       total 203264K, used 193488K [0x00000000c0000000, 0x00000000cc680000, 0x00000000eab00000)
  object space 203264K, 95% used [0x00000000c0000000,0x00000000cbcf41f8,0x00000000cc680000)
 Metaspace       used 72563K, committed 73856K, reserved 1179648K
  class space    used 7792K, committed 8384K, reserved 1048576K
}
Event: 19.604 GC heap before
{Heap before GC invocations=91 (full 5):
 PSYoungGen      total 60928K, used 60915K [0x00000000eab00000, 0x00000000f0900000, 0x0000000100000000)
  eden space 37888K, 100% used [0x00000000eab00000,0x00000000ed000000,0x00000000ed000000)
  from space 23040K, 99% used [0x00000000ed000000,0x00000000ee67cd00,0x00000000ee680000)
  to   space 29184K, 0% used [0x00000000eec80000,0x00000000eec80000,0x00000000f0900000)
 ParOldGen       total 203264K, used 193488K [0x00000000c0000000, 0x00000000cc680000, 0x00000000eab00000)
  object space 203264K, 95% used [0x00000000c0000000,0x00000000cbcf41f8,0x00000000cc680000)
 Metaspace       used 72568K, committed 73856K, reserved 1179648K
  class space    used 7792K, committed 8384K, reserved 1048576K
}
Event: 19.637 GC heap after
{Heap after GC invocations=91 (full 5):
 PSYoungGen      total 66048K, used 23717K [0x00000000eab00000, 0x00000000f0500000, 0x0000000100000000)
  eden space 40960K, 0% used [0x00000000eab00000,0x00000000eab00000,0x00000000ed300000)
  from space 25088K, 94% used [0x00000000eec80000,0x00000000f03a94f0,0x00000000f0500000)
  to   space 25600K, 0% used [0x00000000ed300000,0x00000000ed300000,0x00000000eec00000)
 ParOldGen       total 203264K, used 200917K [0x00000000c0000000, 0x00000000cc680000, 0x00000000eab00000)
  object space 203264K, 98% used [0x00000000c0000000,0x00000000cc4356a8,0x00000000cc680000)
 Metaspace       used 72568K, committed 73856K, reserved 1179648K
  class space    used 7792K, committed 8384K, reserved 1048576K
}
Event: 19.975 GC heap before
{Heap before GC invocations=92 (full 6):
 PSYoungGen      total 66048K, used 64677K [0x00000000eab00000, 0x00000000f0500000, 0x0000000100000000)
  eden space 40960K, 100% used [0x00000000eab00000,0x00000000ed300000,0x00000000ed300000)
  from space 25088K, 94% used [0x00000000eec80000,0x00000000f03a94f0,0x00000000f0500000)
  to   space 25600K, 0% used [0x00000000ed300000,0x00000000ed300000,0x00000000eec00000)
 ParOldGen       total 203264K, used 200917K [0x00000000c0000000, 0x00000000cc680000, 0x00000000eab00000)
  object space 203264K, 98% used [0x00000000c0000000,0x00000000cc4356a8,0x00000000cc680000)
 Metaspace       used 72568K, committed 73856K, reserved 1179648K
  class space    used 7792K, committed 8384K, reserved 1048576K
}
Event: 23.470 GC heap after
{Heap after GC invocations=92 (full 6):
 PSYoungGen      total 65024K, used 19882K [0x00000000eab00000, 0x00000000f0480000, 0x0000000100000000)
  eden space 40448K, 0% used [0x00000000eab00000,0x00000000eab00000,0x00000000ed280000)
  from space 24576K, 80% used [0x00000000eec80000,0x00000000effeaa90,0x00000000f0480000)
  to   space 25600K, 0% used [0x00000000ed280000,0x00000000ed280000,0x00000000eeb80000)
 ParOldGen       total 203264K, used 203003K [0x00000000c0000000, 0x00000000cc680000, 0x00000000eab00000)
  object space 203264K, 99% used [0x00000000c0000000,0x00000000cc63ef08,0x00000000cc680000)
 Metaspace       used 72568K, committed 73856K, reserved 1179648K
  class space    used 7792K, committed 8384K, reserved 1048576K
}
Event: 23.655 GC heap before
{Heap before GC invocations=93 (full 7):
 PSYoungGen      total 65024K, used 60330K [0x00000000eab00000, 0x00000000f0480000, 0x0000000100000000)
  eden space 40448K, 100% used [0x00000000eab00000,0x00000000ed280000,0x00000000ed280000)
  from space 24576K, 80% used [0x00000000eec80000,0x00000000effeaa90,0x00000000f0480000)
  to   space 25600K, 0% used [0x00000000ed280000,0x00000000ed280000,0x00000000eeb80000)
 ParOldGen       total 203264K, used 203003K [0x00000000c0000000, 0x00000000cc680000, 0x00000000eab00000)
  object space 203264K, 99% used [0x00000000c0000000,0x00000000cc63ef08,0x00000000cc680000)
 Metaspace       used 72748K, committed 73984K, reserved 1179648K
  class space    used 7808K, committed 8384K, reserved 1048576K
}
Event: 23.812 GC heap after
{Heap after GC invocations=93 (full 7):
 PSYoungGen      total 66048K, used 25693K [0x00000000eab00000, 0x00000000f0400000, 0x0000000100000000)
  eden space 40448K, 63% used [0x00000000eab00000,0x00000000ec417658,0x00000000ed280000)
  from space 25600K, 0% used [0x00000000ed280000,0x00000000ed280000,0x00000000eeb80000)
  to   space 24064K, 0% used [0x00000000eec80000,0x00000000eec80000,0x00000000f0400000)
 ParOldGen       total 286720K, used 203232K [0x00000000c0000000, 0x00000000d1800000, 0x00000000eab00000)
  object space 286720K, 70% used [0x00000000c0000000,0x00000000cc678058,0x00000000d1800000)
 Metaspace       used 72748K, committed 73984K, reserved 1179648K
  class space    used 7808K, committed 8384K, reserved 1048576K
}
Event: 23.877 GC heap before
{Heap before GC invocations=94 (full 7):
 PSYoungGen      total 66048K, used 40448K [0x00000000eab00000, 0x00000000f0400000, 0x0000000100000000)
  eden space 40448K, 100% used [0x00000000eab00000,0x00000000ed280000,0x00000000ed280000)
  from space 25600K, 0% used [0x00000000ed280000,0x00000000ed280000,0x00000000eeb80000)
  to   space 24064K, 0% used [0x00000000eec80000,0x00000000eec80000,0x00000000f0400000)
 ParOldGen       total 286720K, used 203232K [0x00000000c0000000, 0x00000000d1800000, 0x00000000eab00000)
  object space 286720K, 70% used [0x00000000c0000000,0x00000000cc678058,0x00000000d1800000)
 Metaspace       used 72827K, committed 74176K, reserved 1179648K
  class space    used 7812K, committed 8448K, reserved 1048576K
}
Event: 24.902 GC heap after
{Heap after GC invocations=94 (full 7):
 PSYoungGen      total 60416K, used 24051K [0x00000000eab00000, 0x00000000f0e00000, 0x0000000100000000)
  eden space 36352K, 0% used [0x00000000eab00000,0x00000000eab00000,0x00000000ece80000)
  from space 24064K, 99% used [0x00000000eec80000,0x00000000f03fcce8,0x00000000f0400000)
  to   space 30720K, 0% used [0x00000000ece80000,0x00000000ece80000,0x00000000eec80000)
 ParOldGen       total 286720K, used 208728K [0x00000000c0000000, 0x00000000d1800000, 0x00000000eab00000)
  object space 286720K, 72% used [0x00000000c0000000,0x00000000ccbd62e8,0x00000000d1800000)
 Metaspace       used 72827K, committed 74176K, reserved 1179648K
  class space    used 7812K, committed 8448K, reserved 1048576K
}
Event: 25.379 GC heap before
{Heap before GC invocations=95 (full 7):
 PSYoungGen      total 60416K, used 60403K [0x00000000eab00000, 0x00000000f0e00000, 0x0000000100000000)
  eden space 36352K, 100% used [0x00000000eab00000,0x00000000ece80000,0x00000000ece80000)
  from space 24064K, 99% used [0x00000000eec80000,0x00000000f03fcce8,0x00000000f0400000)
  to   space 30720K, 0% used [0x00000000ece80000,0x00000000ece80000,0x00000000eec80000)
 ParOldGen       total 286720K, used 208728K [0x00000000c0000000, 0x00000000d1800000, 0x00000000eab00000)
  object space 286720K, 72% used [0x00000000c0000000,0x00000000ccbd62e8,0x00000000d1800000)
 Metaspace       used 73005K, committed 74368K, reserved 1179648K
  class space    used 7828K, committed 8448K, reserved 1048576K
}
Event: 26.089 GC heap after
{Heap after GC invocations=95 (full 7):
 PSYoungGen      total 67072K, used 24033K [0x00000000eab00000, 0x00000000f0600000, 0x0000000100000000)
  eden space 36352K, 0% used [0x00000000eab00000,0x00000000eab00000,0x00000000ece80000)
  from space 30720K, 78% used [0x00000000ece80000,0x00000000ee5f87c0,0x00000000eec80000)
  to   space 26112K, 0% used [0x00000000eec80000,0x00000000eec80000,0x00000000f0600000)
 ParOldGen       total 286720K, used 215591K [0x00000000c0000000, 0x00000000d1800000, 0x00000000eab00000)
  object space 286720K, 75% used [0x00000000c0000000,0x00000000cd289cc0,0x00000000d1800000)
 Metaspace       used 73005K, committed 74368K, reserved 1179648K
  class space    used 7828K, committed 8448K, reserved 1048576K
}

Dll operation events (10 events):
Event: 0.017 Loaded shared library c:\Users\punee\.vscode\extensions\redhat.java-1.38.0-win32-x64\jre\17.0.13-win32-x86_64\bin\java.dll
Event: 0.224 Loaded shared library c:\Users\punee\.vscode\extensions\redhat.java-1.38.0-win32-x64\jre\17.0.13-win32-x86_64\bin\zip.dll
Event: 0.227 Loaded shared library C:\Users\punee\.vscode\extensions\redhat.java-1.38.0-win32-x64\jre\17.0.13-win32-x86_64\bin\instrument.dll
Event: 0.244 Loaded shared library C:\Users\punee\.vscode\extensions\redhat.java-1.38.0-win32-x64\jre\17.0.13-win32-x86_64\bin\net.dll
Event: 0.248 Loaded shared library C:\Users\punee\.vscode\extensions\redhat.java-1.38.0-win32-x64\jre\17.0.13-win32-x86_64\bin\nio.dll
Event: 0.255 Loaded shared library C:\Users\punee\.vscode\extensions\redhat.java-1.38.0-win32-x64\jre\17.0.13-win32-x86_64\bin\zip.dll
Event: 0.275 Loaded shared library C:\Users\punee\.vscode\extensions\redhat.java-1.38.0-win32-x64\jre\17.0.13-win32-x86_64\bin\jimage.dll
Event: 0.342 Loaded shared library c:\Users\punee\.vscode\extensions\redhat.java-1.38.0-win32-x64\jre\17.0.13-win32-x86_64\bin\verify.dll
Event: 2.389 Loaded shared library C:\Users\punee\AppData\Roaming\Code\User\globalStorage\redhat.java\1.38.0\config_win\org.eclipse.equinox.launcher\org.eclipse.equinox.launcher.win32.win32.x86_64_1.2.1100.v20240722-2106\eclipse_11904.dll
Event: 4.780 Loaded shared library C:\Users\punee\AppData\Local\Temp\jna-107028841\jna10211549893093413615.dll

Deoptimization events (20 events):
Event: 26.275 Thread 0x0000016d81a6e4a0 DEOPT PACKING pc=0x0000016de6a284fe sp=0x00000008afcfd780
Event: 26.275 Thread 0x0000016d81a6e4a0 DEOPT UNPACKING pc=0x0000016ded3ca9e3 sp=0x00000008afcfcc70 mode 0
Event: 26.276 Thread 0x0000016d81a6e4a0 DEOPT PACKING pc=0x0000016de6a284fe sp=0x00000008afcfd780
Event: 26.276 Thread 0x0000016d81a6e4a0 DEOPT UNPACKING pc=0x0000016ded3ca9e3 sp=0x00000008afcfcc70 mode 0
Event: 26.277 Thread 0x0000016d81a6e4a0 DEOPT PACKING pc=0x0000016de6a284fe sp=0x00000008afcfd780
Event: 26.277 Thread 0x0000016d81a6e4a0 DEOPT UNPACKING pc=0x0000016ded3ca9e3 sp=0x00000008afcfcc70 mode 0
Event: 26.278 Thread 0x0000016d81a6e4a0 DEOPT PACKING pc=0x0000016de6a284fe sp=0x00000008afcfd780
Event: 26.278 Thread 0x0000016d81a6e4a0 DEOPT UNPACKING pc=0x0000016ded3ca9e3 sp=0x00000008afcfcc70 mode 0
Event: 26.278 Thread 0x0000016d81a6e4a0 DEOPT PACKING pc=0x0000016de6a284fe sp=0x00000008afcfd780
Event: 26.278 Thread 0x0000016d81a6e4a0 DEOPT UNPACKING pc=0x0000016ded3ca9e3 sp=0x00000008afcfcc70 mode 0
Event: 26.279 Thread 0x0000016d81a6e4a0 DEOPT PACKING pc=0x0000016de6a284fe sp=0x00000008afcfd780
Event: 26.279 Thread 0x0000016d81a6e4a0 DEOPT UNPACKING pc=0x0000016ded3ca9e3 sp=0x00000008afcfcc70 mode 0
Event: 26.329 Thread 0x0000016dfeddf690 Uncommon trap: trap_request=0xffffffc6 fr.pc=0x0000016deda68380 relative=0x00000000000001e0
Event: 26.329 Thread 0x0000016dfeddf690 Uncommon trap: reason=bimorphic_or_optimized_type_check action=maybe_recompile pc=0x0000016deda68380 method=java.util.Collections.eq(Ljava/lang/Object;Ljava/lang/Object;)Z @ 18 c2
Event: 26.329 Thread 0x0000016dfeddf690 DEOPT PACKING pc=0x0000016deda68380 sp=0x00000008ae8fd5e0
Event: 26.329 Thread 0x0000016dfeddf690 DEOPT UNPACKING pc=0x0000016ded3c9ea3 sp=0x00000008ae8fd520 mode 2
Event: 26.333 Thread 0x0000016dfeddf690 Uncommon trap: trap_request=0xffffffc6 fr.pc=0x0000016deda68380 relative=0x00000000000001e0
Event: 26.333 Thread 0x0000016dfeddf690 Uncommon trap: reason=bimorphic_or_optimized_type_check action=maybe_recompile pc=0x0000016deda68380 method=java.util.Collections.eq(Ljava/lang/Object;Ljava/lang/Object;)Z @ 18 c2
Event: 26.333 Thread 0x0000016dfeddf690 DEOPT PACKING pc=0x0000016deda68380 sp=0x00000008ae8fd740
Event: 26.333 Thread 0x0000016dfeddf690 DEOPT UNPACKING pc=0x0000016ded3c9ea3 sp=0x00000008ae8fd680 mode 2

Classes loaded (20 events):
Event: 15.702 Loading class java/util/Spliterators$IntArraySpliterator
Event: 15.703 Loading class java/util/Spliterators$IntArraySpliterator done
Event: 15.704 Loading class java/util/stream/Nodes$IntSpinedNodeBuilder
Event: 15.704 Loading class java/util/stream/SpinedBuffer$OfInt
Event: 15.704 Loading class java/util/stream/SpinedBuffer$OfPrimitive
Event: 15.704 Loading class java/util/stream/SpinedBuffer$OfPrimitive done
Event: 15.705 Loading class java/util/stream/SpinedBuffer$OfInt done
Event: 15.711 Loading class java/util/stream/Nodes$IntSpinedNodeBuilder done
Event: 26.226 Loading class java/util/regex/Pattern$1
Event: 26.226 Loading class java/util/regex/Pattern$1 done
Event: 26.300 Loading class org/xml/sax/SAXNotRecognizedException
Event: 26.300 Loading class org/xml/sax/SAXNotRecognizedException done
Event: 26.301 Loading class org/xml/sax/SAXNotSupportedException
Event: 26.301 Loading class org/xml/sax/SAXNotSupportedException done
Event: 26.303 Loading class com/sun/org/apache/xerces/internal/util/URI
Event: 26.304 Loading class com/sun/org/apache/xerces/internal/util/URI done
Event: 26.306 Loading class com/sun/org/apache/xerces/internal/xni/XNIException
Event: 26.307 Loading class com/sun/org/apache/xerces/internal/xni/XNIException done
Event: 26.307 Loading class com/sun/org/apache/xerces/internal/xni/parser/XMLParseException
Event: 26.308 Loading class com/sun/org/apache/xerces/internal/xni/parser/XMLParseException done

Classes unloaded (11 events):
Event: 6.480 Thread 0x0000016de3227950 Unloading class 0x0000000100252000 'java/lang/invoke/LambdaForm$MH+0x0000000100252000'
Event: 6.480 Thread 0x0000016de3227950 Unloading class 0x0000000100251c00 'java/lang/invoke/LambdaForm$MH+0x0000000100251c00'
Event: 6.481 Thread 0x0000016de3227950 Unloading class 0x0000000100251800 'java/lang/invoke/LambdaForm$MH+0x0000000100251800'
Event: 6.481 Thread 0x0000016de3227950 Unloading class 0x0000000100251400 'java/lang/invoke/LambdaForm$MH+0x0000000100251400'
Event: 6.481 Thread 0x0000016de3227950 Unloading class 0x0000000100251000 'java/lang/invoke/LambdaForm$BMH+0x0000000100251000'
Event: 6.481 Thread 0x0000016de3227950 Unloading class 0x0000000100250c00 'java/lang/invoke/LambdaForm$DMH+0x0000000100250c00'
Event: 6.481 Thread 0x0000016de3227950 Unloading class 0x000000010024c400 'java/lang/invoke/LambdaForm$DMH+0x000000010024c400'
Event: 14.045 Thread 0x0000016de3227950 Unloading class 0x0000000100725000 'java/lang/invoke/LambdaForm$MH+0x0000000100725000'
Event: 14.045 Thread 0x0000016de3227950 Unloading class 0x0000000100725800 'java/lang/invoke/LambdaForm$MH+0x0000000100725800'
Event: 14.045 Thread 0x0000016de3227950 Unloading class 0x0000000100724800 'java/lang/invoke/LambdaForm$DMH+0x0000000100724800'
Event: 14.045 Thread 0x0000016de3227950 Unloading class 0x0000000100724c00 'java/lang/invoke/LambdaForm$DMH+0x0000000100724c00'

Classes redefined (0 events):
No events

Internal exceptions (20 events):
Event: 15.634 Thread 0x0000016dfeddb4c0 Exception <a 'sun/nio/fs/WindowsException'{0x00000000eb6d5e40}> (0x00000000eb6d5e40) 
thrown [s\src\hotspot\share\prims\jni.cpp, line 516]
Event: 15.635 Thread 0x0000016dfeddb4c0 Exception <a 'sun/nio/fs/WindowsException'{0x00000000eb6d68f8}> (0x00000000eb6d68f8) 
thrown [s\src\hotspot\share\prims\jni.cpp, line 516]
Event: 15.635 Thread 0x0000016dfeddb4c0 Exception <a 'sun/nio/fs/WindowsException'{0x00000000eb6d6f30}> (0x00000000eb6d6f30) 
thrown [s\src\hotspot\share\prims\jni.cpp, line 516]
Event: 15.636 Thread 0x0000016dfeddb4c0 Exception <a 'sun/nio/fs/WindowsException'{0x00000000eb6d8470}> (0x00000000eb6d8470) 
thrown [s\src\hotspot\share\prims\jni.cpp, line 516]
Event: 15.636 Thread 0x0000016dfeddb4c0 Exception <a 'sun/nio/fs/WindowsException'{0x00000000eb6d8aa8}> (0x00000000eb6d8aa8) 
thrown [s\src\hotspot\share\prims\jni.cpp, line 516]
Event: 15.641 Thread 0x0000016dfeddb4c0 Exception <a 'sun/nio/fs/WindowsException'{0x00000000eb825b78}> (0x00000000eb825b78) 
thrown [s\src\hotspot\share\prims\jni.cpp, line 516]
Event: 15.641 Thread 0x0000016dfeddb4c0 Exception <a 'sun/nio/fs/WindowsException'{0x00000000eb826458}> (0x00000000eb826458) 
thrown [s\src\hotspot\share\prims\jni.cpp, line 516]
Event: 15.669 Thread 0x0000016dfeddb4c0 Exception <a 'sun/nio/fs/WindowsException'{0x00000000ebc6e0a0}> (0x00000000ebc6e0a0) 
thrown [s\src\hotspot\share\prims\jni.cpp, line 516]
Event: 15.669 Thread 0x0000016dfeddb4c0 Exception <a 'sun/nio/fs/WindowsException'{0x00000000ebc6e6d8}> (0x00000000ebc6e6d8) 
thrown [s\src\hotspot\share\prims\jni.cpp, line 516]
Event: 15.669 Thread 0x0000016dfeddb4c0 Exception <a 'sun/nio/fs/WindowsException'{0x00000000ebc6f190}> (0x00000000ebc6f190) 
thrown [s\src\hotspot\share\prims\jni.cpp, line 516]
Event: 15.669 Thread 0x0000016dfeddb4c0 Exception <a 'sun/nio/fs/WindowsException'{0x00000000ebc6f7c8}> (0x00000000ebc6f7c8) 
thrown [s\src\hotspot\share\prims\jni.cpp, line 516]
Event: 15.670 Thread 0x0000016dfeddb4c0 Exception <a 'sun/nio/fs/WindowsException'{0x00000000ebc70d08}> (0x00000000ebc70d08) 
thrown [s\src\hotspot\share\prims\jni.cpp, line 516]
Event: 15.670 Thread 0x0000016dfeddb4c0 Exception <a 'sun/nio/fs/WindowsException'{0x00000000ebc71340}> (0x00000000ebc71340) 
thrown [s\src\hotspot\share\prims\jni.cpp, line 516]
Event: 15.675 Thread 0x0000016dfeddb4c0 Exception <a 'sun/nio/fs/WindowsException'{0x00000000ebd77788}> (0x00000000ebd77788) 
thrown [s\src\hotspot\share\prims\jni.cpp, line 516]
Event: 15.700 Thread 0x0000016dfeddb4c0 Exception <a 'sun/nio/fs/WindowsException'{0x00000000eab00038}> (0x00000000eab00038) 
thrown [s\src\hotspot\share\prims\jni.cpp, line 516]
Event: 15.907 Thread 0x0000016d81a6f8e0 Exception <a 'java/lang/NoSuchMethodError'{0x00000000eab44930}: 'java.lang.Object java.lang.invoke.DirectMethodHandle$Holder.invokeStatic(java.lang.Object, int, int, java.lang.Object)'> (0x00000000eab44930) 
thrown [s\src\hotspot\share\interpreter\linkResolver.cpp, line 759]
Event: 16.191 Thread 0x0000016dfeddf690 Exception <a 'java/lang/ArrayIndexOutOfBoundsException'{0x00000000eaf5a9d8}: Index 431 out of bounds for length 431> (0x00000000eaf5a9d8) 
thrown [s\src\hotspot\share\interpreter\interpreterRuntime.cpp, line 428]
Event: 17.304 Thread 0x0000016dfeddbee0 Implicit null exception at 0x0000016ded9742a1 to 0x0000016ded974440
Event: 23.837 Thread 0x0000016d81a70300 Exception <a 'java/lang/ArrayIndexOutOfBoundsException'{0x00000000eca77ef8}> (0x00000000eca77ef8) 
thrown [s\src\hotspot\share\runtime\sharedRuntime.cpp, line 631]
Event: 26.256 Thread 0x0000016dfeddf690 Exception <a 'java/lang/NoSuchMethodError'{0x00000000ebcdc2f0}: 'java.lang.Object java.lang.invoke.DirectMethodHandle$Holder.invokeStatic(java.lang.Object, java.lang.Object, int, java.lang.Object)'> (0x00000000ebcdc2f0) 
thrown [s\src\hotspot\share\interpreter\linkResolver.cpp, line 759]

VM Operations (20 events):
Event: 17.726 Executing VM operation: ParallelGCFailedAllocation done
Event: 18.026 Executing VM operation: ParallelGCFailedAllocation
Event: 18.050 Executing VM operation: ParallelGCFailedAllocation done
Event: 18.590 Executing VM operation: ParallelGCFailedAllocation
Event: 18.611 Executing VM operation: ParallelGCFailedAllocation done
Event: 18.976 Executing VM operation: ParallelGCFailedAllocation
Event: 18.999 Executing VM operation: ParallelGCFailedAllocation done
Event: 19.252 Executing VM operation: ParallelGCFailedAllocation
Event: 19.273 Executing VM operation: ParallelGCFailedAllocation done
Event: 19.604 Executing VM operation: ParallelGCFailedAllocation
Event: 19.637 Executing VM operation: ParallelGCFailedAllocation done
Event: 19.975 Executing VM operation: ParallelGCFailedAllocation
Event: 23.470 Executing VM operation: ParallelGCFailedAllocation done
Event: 23.655 Executing VM operation: ParallelGCFailedAllocation
Event: 23.812 Executing VM operation: ParallelGCFailedAllocation done
Event: 23.877 Executing VM operation: ParallelGCFailedAllocation
Event: 24.902 Executing VM operation: ParallelGCFailedAllocation done
Event: 25.379 Executing VM operation: ParallelGCFailedAllocation
Event: 26.089 Executing VM operation: ParallelGCFailedAllocation done
Event: 26.406 Executing VM operation: ParallelGCFailedAllocation

Memory protections (0 events):
No events

Nmethod flushes (20 events):
Event: 15.470 Thread 0x0000016dfc92f2e0 flushing  nmethod 0x0000016de6d96a10
Event: 15.470 Thread 0x0000016dfc92f2e0 flushing  nmethod 0x0000016de6dbc390
Event: 15.470 Thread 0x0000016dfc92f2e0 flushing  nmethod 0x0000016de6dbcf10
Event: 15.470 Thread 0x0000016dfc92f2e0 flushing  nmethod 0x0000016de6dbd690
Event: 15.470 Thread 0x0000016dfc92f2e0 flushing  nmethod 0x0000016de6dda690
Event: 15.470 Thread 0x0000016dfc92f2e0 flushing  nmethod 0x0000016de6dfc810
Event: 15.470 Thread 0x0000016dfc92f2e0 flushing  nmethod 0x0000016de6dfd110
Event: 15.470 Thread 0x0000016dfc92f2e0 flushing  nmethod 0x0000016de6dfd790
Event: 17.138 Thread 0x0000016dfc92f2e0 flushing  nmethod 0x0000016de611ec90
Event: 17.149 Thread 0x0000016dfc92f2e0 flushing  nmethod 0x0000016de68d2910
Event: 17.149 Thread 0x0000016dfc92f2e0 flushing  nmethod 0x0000016de68d8110
Event: 17.149 Thread 0x0000016dfc92f2e0 flushing  nmethod 0x0000016de68e6c90
Event: 17.149 Thread 0x0000016dfc92f2e0 flushing  nmethod 0x0000016de690ba90
Event: 17.149 Thread 0x0000016dfc92f2e0 flushing  nmethod 0x0000016de693a810
Event: 17.149 Thread 0x0000016dfc92f2e0 flushing  nmethod 0x0000016de693d910
Event: 17.151 Thread 0x0000016dfc92f2e0 flushing  nmethod 0x0000016de6a9bd90
Event: 17.154 Thread 0x0000016dfc92f2e0 flushing  nmethod 0x0000016de6d07c10
Event: 17.155 Thread 0x0000016dfc92f2e0 flushing  nmethod 0x0000016de6df8f10
Event: 17.156 Thread 0x0000016dfc92f2e0 flushing  nmethod 0x0000016de6e20210
Event: 17.156 Thread 0x0000016dfc92f2e0 flushing  nmethod 0x0000016de6e20a10

Events (20 events):
Event: 13.494 Thread 0x0000016d81a6e4a0 Thread exited: 0x0000016d81a6e4a0
Event: 13.815 Thread 0x0000016dfeddbee0 Thread added: 0x0000016d81a6d060
Event: 13.816 Thread 0x0000016dfeddbee0 Thread added: 0x0000016d81a71740
Event: 13.816 Thread 0x0000016dfeddbee0 Thread added: 0x0000016d81a6df90
Event: 13.816 Thread 0x0000016dfeddbee0 Thread added: 0x0000016d81a70d20
Event: 13.816 Thread 0x0000016dfeddbee0 Thread added: 0x0000016d81a71c50
Event: 13.873 Thread 0x0000016d81a71c50 Thread exited: 0x0000016d81a71c50
Event: 13.873 Thread 0x0000016d81a71740 Thread exited: 0x0000016d81a71740
Event: 13.873 Thread 0x0000016d81a6d060 Thread exited: 0x0000016d81a6d060
Event: 13.873 Thread 0x0000016d81a6df90 Thread exited: 0x0000016d81a6df90
Event: 13.873 Thread 0x0000016d81a70d20 Thread exited: 0x0000016d81a70d20
Event: 14.404 Thread 0x0000016dfeddf690 Thread added: 0x0000016d81a6f3d0
Event: 14.405 Thread 0x0000016d81a6f3d0 Thread added: 0x0000016d81a70300
Event: 14.406 Thread 0x0000016d81a70300 Thread added: 0x0000016d81a6df90
Event: 14.406 Thread 0x0000016d81a6df90 Thread added: 0x0000016d81a6f8e0
Event: 14.409 Thread 0x0000016d81a6f8e0 Thread added: 0x0000016d81a70810
Event: 14.415 Thread 0x0000016d81a70810 Thread added: 0x0000016d81a6e4a0
Event: 14.415 Thread 0x0000016d81a6e4a0 Thread added: 0x0000016d81a6fdf0
Event: 15.121 Thread 0x0000016dfeddb4c0 Thread added: 0x0000016d81a6eec0
Event: 23.472 Thread 0x0000016d81a6eec0 Thread exited: 0x0000016d81a6eec0


Dynamic libraries:
0x00007ff7e3920000 - 0x00007ff7e392e000 	c:\Users\punee\.vscode\extensions\redhat.java-1.38.0-win32-x64\jre\17.0.13-win32-x86_64\bin\java.exe
0x00007ffe2e680000 - 0x00007ffe2e8e3000 	C:\WINDOWS\SYSTEM32\ntdll.dll
0x00007ffe2ce50000 - 0x00007ffe2cf18000 	C:\WINDOWS\System32\KERNEL32.DLL
0x00007ffe2c090000 - 0x00007ffe2c442000 	C:\WINDOWS\System32\KERNELBASE.dll
0x00007ffe2bd30000 - 0x00007ffe2be7b000 	C:\WINDOWS\System32\ucrtbase.dll
0x00007ffe04330000 - 0x00007ffe04347000 	c:\Users\punee\.vscode\extensions\redhat.java-1.38.0-win32-x64\jre\17.0.13-win32-x86_64\bin\jli.dll
0x00007ffe0f690000 - 0x00007ffe0f6ae000 	c:\Users\punee\.vscode\extensions\redhat.java-1.38.0-win32-x64\jre\17.0.13-win32-x86_64\bin\VCRUNTIME140.dll
0x00007ffe2ded0000 - 0x00007ffe2e098000 	C:\WINDOWS\System32\USER32.dll
0x00007ffe0de90000 - 0x00007ffe0e120000 	C:\WINDOWS\WinSxS\amd64_microsoft.windows.common-controls_6595b64144ccf1df_6.0.26100.2454_none_3e0b68a2e331ad60\COMCTL32.dll
0x00007ffe2ba50000 - 0x00007ffe2ba77000 	C:\WINDOWS\System32\win32u.dll
0x00007ffe2cc90000 - 0x00007ffe2cd39000 	C:\WINDOWS\System32\msvcrt.dll
0x00007ffe2cd40000 - 0x00007ffe2cd6a000 	C:\WINDOWS\System32\GDI32.dll
0x00007ffe2bc00000 - 0x00007ffe2bd2b000 	C:\WINDOWS\System32\gdi32full.dll
0x00007ffe2be80000 - 0x00007ffe2bf23000 	C:\WINDOWS\System32\msvcp_win.dll
0x00007ffe2ddb0000 - 0x00007ffe2dddf000 	C:\WINDOWS\System32\IMM32.DLL
0x00007ffe1f460000 - 0x00007ffe1f46c000 	c:\Users\punee\.vscode\extensions\redhat.java-1.38.0-win32-x64\jre\17.0.13-win32-x86_64\bin\vcruntime140_1.dll
0x00007ffde4f80000 - 0x00007ffde500d000 	c:\Users\punee\.vscode\extensions\redhat.java-1.38.0-win32-x64\jre\17.0.13-win32-x86_64\bin\msvcp140.dll
0x00007ffda0ab0000 - 0x00007ffda171b000 	c:\Users\punee\.vscode\extensions\redhat.java-1.38.0-win32-x64\jre\17.0.13-win32-x86_64\bin\server\jvm.dll
0x00007ffe2e0a0000 - 0x00007ffe2e154000 	C:\WINDOWS\System32\ADVAPI32.dll
0x00007ffe2d5e0000 - 0x00007ffe2d686000 	C:\WINDOWS\System32\sechost.dll
0x00007ffe2cf40000 - 0x00007ffe2d056000 	C:\WINDOWS\System32\RPCRT4.dll
0x00007ffe2cb30000 - 0x00007ffe2cba4000 	C:\WINDOWS\System32\WS2_32.dll
0x00007ffe2b450000 - 0x00007ffe2b49e000 	C:\WINDOWS\SYSTEM32\POWRPROF.dll
0x00007ffe17680000 - 0x00007ffe176b6000 	C:\WINDOWS\SYSTEM32\WINMM.dll
0x00007ffe1dd50000 - 0x00007ffe1dd5b000 	C:\WINDOWS\SYSTEM32\VERSION.dll
0x00007ffe2b300000 - 0x00007ffe2b314000 	C:\WINDOWS\SYSTEM32\UMPDC.dll
0x00007ffe2a860000 - 0x00007ffe2a87a000 	C:\WINDOWS\SYSTEM32\kernel.appcore.dll
0x00007ffe0f680000 - 0x00007ffe0f68a000 	c:\Users\punee\.vscode\extensions\redhat.java-1.38.0-win32-x64\jre\17.0.13-win32-x86_64\bin\jimage.dll
0x00007ffe29200000 - 0x00007ffe29441000 	C:\WINDOWS\SYSTEM32\DBGHELP.DLL
0x00007ffe2e2b0000 - 0x00007ffe2e62e000 	C:\WINDOWS\System32\combase.dll
0x00007ffe2ddf0000 - 0x00007ffe2dec6000 	C:\WINDOWS\System32\OLEAUT32.dll
0x00007ffe17b00000 - 0x00007ffe17b39000 	C:\WINDOWS\SYSTEM32\dbgcore.DLL
0x00007ffe2bff0000 - 0x00007ffe2c089000 	C:\WINDOWS\System32\bcryptPrimitives.dll
0x00007ffe0d7f0000 - 0x00007ffe0d7fe000 	c:\Users\punee\.vscode\extensions\redhat.java-1.38.0-win32-x64\jre\17.0.13-win32-x86_64\bin\instrument.dll
0x00007ffe03c80000 - 0x00007ffe03ca5000 	c:\Users\punee\.vscode\extensions\redhat.java-1.38.0-win32-x64\jre\17.0.13-win32-x86_64\bin\java.dll
0x00007ffe00b60000 - 0x00007ffe00b78000 	c:\Users\punee\.vscode\extensions\redhat.java-1.38.0-win32-x64\jre\17.0.13-win32-x86_64\bin\zip.dll
0x00007ffe2d6a0000 - 0x00007ffe2dda0000 	C:\WINDOWS\System32\SHELL32.dll
0x00007ffe29720000 - 0x00007ffe29f51000 	C:\WINDOWS\SYSTEM32\windows.storage.dll
0x00007ffe2cd70000 - 0x00007ffe2ce4a000 	C:\WINDOWS\System32\SHCORE.dll
0x00007ffe2c8b0000 - 0x00007ffe2c90d000 	C:\WINDOWS\System32\shlwapi.dll
0x00007ffe2b960000 - 0x00007ffe2b98e000 	C:\WINDOWS\SYSTEM32\profapi.dll
0x00007ffe03ce0000 - 0x00007ffe03cf9000 	C:\Users\punee\.vscode\extensions\redhat.java-1.38.0-win32-x64\jre\17.0.13-win32-x86_64\bin\net.dll
0x00007ffe20f90000 - 0x00007ffe210b6000 	C:\WINDOWS\SYSTEM32\WINHTTP.dll
0x00007ffe2ad40000 - 0x00007ffe2ada8000 	C:\WINDOWS\system32\mswsock.dll
0x00007ffdf8390000 - 0x00007ffdf83a6000 	C:\Users\punee\.vscode\extensions\redhat.java-1.38.0-win32-x64\jre\17.0.13-win32-x86_64\bin\nio.dll
0x00007ffe0d6f0000 - 0x00007ffe0d700000 	c:\Users\punee\.vscode\extensions\redhat.java-1.38.0-win32-x64\jre\17.0.13-win32-x86_64\bin\verify.dll
0x00007ffde25d0000 - 0x00007ffde2615000 	C:\Users\punee\AppData\Roaming\Code\User\globalStorage\redhat.java\1.38.0\config_win\org.eclipse.equinox.launcher\org.eclipse.equinox.launcher.win32.win32.x86_64_1.2.1100.v20240722-2106\eclipse_11904.dll
0x00007ffe2c990000 - 0x00007ffe2cb29000 	C:\WINDOWS\System32\ole32.dll
0x00007ffe2b010000 - 0x00007ffe2b02c000 	C:\WINDOWS\SYSTEM32\CRYPTSP.dll
0x00007ffe2a7c0000 - 0x00007ffe2a7f8000 	C:\WINDOWS\system32\rsaenh.dll
0x00007ffe2adf0000 - 0x00007ffe2ae1b000 	C:\WINDOWS\SYSTEM32\USERENV.dll
0x00007ffe2b320000 - 0x00007ffe2b346000 	C:\WINDOWS\SYSTEM32\bcrypt.dll
0x00007ffe2b030000 - 0x00007ffe2b03c000 	C:\WINDOWS\SYSTEM32\CRYPTBASE.dll
0x00007ffe2a270000 - 0x00007ffe2a2a2000 	C:\WINDOWS\SYSTEM32\IPHLPAPI.DLL
0x00007ffe2c730000 - 0x00007ffe2c73a000 	C:\WINDOWS\System32\NSI.dll
0x00007ffe215d0000 - 0x00007ffe215ee000 	C:\WINDOWS\SYSTEM32\dhcpcsvc6.DLL
0x00007ffe215a0000 - 0x00007ffe215c5000 	C:\WINDOWS\SYSTEM32\dhcpcsvc.DLL
0x00007ffe2a2b0000 - 0x00007ffe2a3d5000 	C:\WINDOWS\SYSTEM32\DNSAPI.dll
0x00007ffde0ad0000 - 0x00007ffde0b19000 	C:\Users\punee\AppData\Local\Temp\jna-107028841\jna10211549893093413615.dll
0x00007ffe2e160000 - 0x00007ffe2e168000 	C:\WINDOWS\System32\PSAPI.DLL

dbghelp: loaded successfully - version: 4.0.5 - missing functions: none
symbol engine: initialized successfully - sym options: 0x614 - pdb path: .;c:\Users\punee\.vscode\extensions\redhat.java-1.38.0-win32-x64\jre\17.0.13-win32-x86_64\bin;C:\WINDOWS\SYSTEM32;C:\WINDOWS\WinSxS\amd64_microsoft.windows.common-controls_6595b64144ccf1df_6.0.26100.2454_none_3e0b68a2e331ad60;c:\Users\punee\.vscode\extensions\redhat.java-1.38.0-win32-x64\jre\17.0.13-win32-x86_64\bin\server;C:\Users\punee\AppData\Roaming\Code\User\globalStorage\redhat.java\1.38.0\config_win\org.eclipse.equinox.launcher\org.eclipse.equinox.launcher.win32.win32.x86_64_1.2.1100.v20240722-2106;C:\Users\punee\AppData\Local\Temp\jna-107028841

VM Arguments:
jvm_args: --add-modules=ALL-SYSTEM --add-opens=java.base/java.util=ALL-UNNAMED --add-opens=java.base/java.lang=ALL-UNNAMED --add-opens=java.base/sun.nio.fs=ALL-UNNAMED -Declipse.application=org.eclipse.jdt.ls.core.id1 -Dosgi.bundles.defaultStartLevel=4 -Declipse.product=org.eclipse.jdt.ls.core.product -Djava.import.generatesMetadataFilesAtProjectRoot=false -DDetectVMInstallationsJob.disabled=true -Dfile.encoding=utf8 -XX:+UseParallelGC -XX:GCTimeRatio=4 -XX:AdaptiveSizePolicyWeight=90 -Dsun.zip.disableMemoryMapping=true -Xmx1G -Xms100m -Xlog:disable -javaagent:c:\Users\punee\.vscode\extensions\redhat.java-1.38.0-win32-x64\lombok\lombok-1.18.34.jar -XX:+HeapDumpOnOutOfMemoryError -XX:HeapDumpPath=c:\Users\punee\AppData\Roaming\Code\User\workspaceStorage\fe16543f5e36ca71b06d85885acf88c2\redhat.java -Daether.dependencyCollector.impl=bf 
java_command: c:\Users\punee\.vscode\extensions\redhat.java-1.38.0-win32-x64\server\plugins\org.eclipse.equinox.launcher_1.6.900.v20240613-2009.jar -configuration c:\Users\punee\AppData\Roaming\Code\User\globalStorage\redhat.java\1.38.0\config_win -data c:\Users\punee\AppData\Roaming\Code\User\workspaceStorage\fe16543f5e36ca71b06d85885acf88c2\redhat.java\jdt_ws --pipe=\\.\pipe\lsp-59bd138b09bee7fb966ba28ddbbecd9a-sock
java_class_path (initial): c:\Users\punee\.vscode\extensions\redhat.java-1.38.0-win32-x64\server\plugins\org.eclipse.equinox.launcher_1.6.900.v20240613-2009.jar
Launcher Type: SUN_STANDARD

[Global flags]
    uintx AdaptiveSizePolicyWeight                 = 90                                        {product} {command line}
     intx CICompilerCount                          = 4                                         {product} {ergonomic}
    uintx GCTimeRatio                              = 4                                         {product} {command line}
     bool HeapDumpOnOutOfMemoryError               = true                                   {manageable} {command line}
    ccstr HeapDumpPath                             = c:\Users\punee\AppData\Roaming\Code\User\workspaceStorage\fe16543f5e36ca71b06d85885acf88c2\redhat.java         {manageable} {command line}
   size_t InitialHeapSize                          = 104857600                                 {product} {command line}
   size_t MaxHeapSize                              = 1073741824                                {product} {command line}
   size_t MaxNewSize                               = 357564416                                 {product} {ergonomic}
   size_t MinHeapDeltaBytes                        = 524288                                    {product} {ergonomic}
   size_t MinHeapSize                              = 104857600                                 {product} {command line}
   size_t NewSize                                  = 34603008                                  {product} {ergonomic}
    uintx NonNMethodCodeHeapSize                   = 5839372                                {pd product} {ergonomic}
    uintx NonProfiledCodeHeapSize                  = 122909434                              {pd product} {ergonomic}
   size_t OldSize                                  = 70254592                                  {product} {ergonomic}
    uintx ProfiledCodeHeapSize                     = 122909434                              {pd product} {ergonomic}
    uintx ReservedCodeCacheSize                    = 251658240                              {pd product} {ergonomic}
     bool SegmentedCodeCache                       = true                                      {product} {ergonomic}
   size_t SoftMaxHeapSize                          = 1073741824                             {manageable} {ergonomic}
     bool UseCompressedClassPointers               = true                           {product lp64_product} {ergonomic}
     bool UseCompressedOops                        = true                           {product lp64_product} {ergonomic}
     bool UseLargePagesIndividualAllocation        = false                                  {pd product} {ergonomic}
     bool UseParallelGC                            = true                                      {product} {command line}

Logging:
Log output configuration:
 #0: stdout all=off uptime,level,tags
 #1: stderr all=off uptime,level,tags

Environment Variables:
JAVA_HOME=C:\Program Files\Java\jdk-17
PATH=C:\Program Files (x86)\Microsoft SDKs\Azure\CLI2\wbin;C:\WINDOWS\system32;C:\WINDOWS;C:\WINDOWS\System32\Wbem;C:\WINDOWS\System32\WindowsPowerShell\v1.0\;C:\WINDOWS\System32\OpenSSH\;C:\Program Files\Git\cmd;C:\Program Files\MongoDB\Server\5.0\bin;D:\servers\apache-maven-3.8.6-bin\apache-maven-3.8.6\bin;C:\Users\Abdelaziz\AppData\Roaming\npm;C:\Users\harsh\Downloads\mongosh-1.8.1-win32-x64 (1)\mongosh-1.8.1-win32-x64\bin;C:\Program Files\nodejs\;%JAVA_HOME%\bin;C:\Users\punee\AppData\Local\Programs\Python\Launcher\;C:\Program Files\Java\jdk-17\bin;C:\Users\punee\AppData\Local\Microsoft\WindowsApps;C:\Users\punee\AppData\Local\Programs\Microsoft VS Code\bin;C:\Users\punee\AppData\Roaming\npm;D:\work\learnings\flutter\flutter\bin;C:\Users\punee\AppData\Local\Programs\Python\Python312;
USERNAME=punee
OS=Windows_NT
PROCESSOR_IDENTIFIER=Intel64 Family 6 Model 140 Stepping 1, GenuineIntel
TMP=C:\Users\punee\AppData\Local\Temp
TEMP=C:\Users\punee\AppData\Local\Temp



Periodic native trim disabled


---------------  S Y S T E M  ---------------

OS:
 Windows 11 , 64 bit Build 26100 (10.0.26100.2454)
OS uptime: 34 days 3:24 hours
Hyper-V role detected

CPU: total 8 (initial active 8) (4 cores per cpu, 2 threads per core) family 6 model 140 stepping 1 microcode 0x86, cx8, cmov, fxsr, ht, mmx, 3dnowpref, sse, sse2, sse3, ssse3, sse4.1, sse4.2, popcnt, lzcnt, tsc, tscinvbit, avx, avx2, aes, erms, clmul, bmi1, bmi2, adx, avx512f, avx512dq, avx512cd, avx512bw, avx512vl, sha, fma, vzeroupper, avx512_vpopcntdq, avx512_vpclmulqdq, avx512_vaes, avx512_vnni, clflush, clflushopt, clwb, avx512_vbmi2, avx512_vbmi, hv
Processor Information for processor 0
  Max Mhz: 3110, Current Mhz: 1003, Mhz Limit: 3110
Processor Information for processor 1
  Max Mhz: 3110, Current Mhz: 1003, Mhz Limit: 3110
Processor Information for processor 2
  Max Mhz: 3110, Current Mhz: 3110, Mhz Limit: 3110
Processor Information for processor 3
  Max Mhz: 3110, Current Mhz: 3110, Mhz Limit: 3110
Processor Information for processor 4
  Max Mhz: 3110, Current Mhz: 1003, Mhz Limit: 3110
Processor Information for processor 5
  Max Mhz: 3110, Current Mhz: 3110, Mhz Limit: 3110
Processor Information for processor 6
  Max Mhz: 3110, Current Mhz: 3110, Mhz Limit: 3110
Processor Information for processor 7
  Max Mhz: 3110, Current Mhz: 3110, Mhz Limit: 3110

Memory: 4k page, system-wide physical 7975M (416M free)
TotalPageFile size 26725M (AvailPageFile size 2M)
current process WorkingSet (physical memory assigned to process): 601M, peak: 601M
current process commit charge ("private bytes"): 608M, peak: 985M

vm_info: OpenJDK 64-Bit Server VM (17.0.13+11) for windows-amd64 JRE (17.0.13+11), built on Oct 16 2024 00:10:08 by "admin" with MS VC++ 17.7 (VS2022)

END.
